
  .   ____          _            __ _ _
 /\\ / ___'_ __ _ _(_)_ __  __ _ \ \ \ \
( ( )\___ | '_ | '_| | '_ \/ _` | \ \ \ \
 \\/  ___)| |_)| | | | | || (_| |  ) ) ) )
  '  |____| .__|_| |_|_| |_\__, | / / / /
 =========|_|==============|___/=/_/_/_/

 :: Spring Boot ::                (v3.5.7)

2025-11-16T04:32:21.031+07:00  INFO 34260 --- [cocohub-backend] [           main] c.c.c.CocohubBackendApplication          : Starting CocohubBackendApplication v0.0.1-SNAPSHOT using Java 25 with PID 34260 (D:\cocohub\Project\cocohub-backend\target\cocohub-backend-0.0.1-SNAPSHOT.jar started by User in D:\cocohub\Project\cocohub-backend)
2025-11-16T04:32:21.033+07:00  INFO 34260 --- [cocohub-backend] [           main] c.c.c.CocohubBackendApplication          : No active profile set, falling back to 1 default profile: "default"
2025-11-16T04:32:21.716+07:00  INFO 34260 --- [cocohub-backend] [           main] .s.d.r.c.RepositoryConfigurationDelegate : Bootstrapping Spring Data JPA repositories in DEFAULT mode.
2025-11-16T04:32:21.771+07:00  INFO 34260 --- [cocohub-backend] [           main] .s.d.r.c.RepositoryConfigurationDelegate : Finished Spring Data repository scanning in 47 ms. Found 9 JPA repository interfaces.
2025-11-16T04:32:22.177+07:00  INFO 34260 --- [cocohub-backend] [           main] o.s.b.w.embedded.tomcat.TomcatWebServer  : Tomcat initialized with port 8080 (http)
2025-11-16T04:32:22.189+07:00  INFO 34260 --- [cocohub-backend] [           main] o.apache.catalina.core.StandardService   : Starting service [Tomcat]
2025-11-16T04:32:22.190+07:00  INFO 34260 --- [cocohub-backend] [           main] o.apache.catalina.core.StandardEngine    : Starting Servlet engine: [Apache Tomcat/10.1.48]
2025-11-16T04:32:22.212+07:00  INFO 34260 --- [cocohub-backend] [           main] o.a.c.c.C.[Tomcat].[localhost].[/]       : Initializing Spring embedded WebApplicationContext
2025-11-16T04:32:22.214+07:00  INFO 34260 --- [cocohub-backend] [           main] w.s.c.ServletWebServerApplicationContext : Root WebApplicationContext: initialization completed in 1141 ms
2025-11-16T04:32:22.412+07:00  INFO 34260 --- [cocohub-backend] [           main] o.hibernate.jpa.internal.util.LogHelper  : HHH000204: Processing PersistenceUnitInfo [name: default]
2025-11-16T04:32:22.456+07:00  INFO 34260 --- [cocohub-backend] [           main] org.hibernate.Version                    : HHH000412: Hibernate ORM core version 6.6.33.Final
2025-11-16T04:32:22.483+07:00  INFO 34260 --- [cocohub-backend] [           main] o.h.c.internal.RegionFactoryInitiator    : HHH000026: Second-level cache disabled
2025-11-16T04:32:22.713+07:00  INFO 34260 --- [cocohub-backend] [           main] o.s.o.j.p.SpringPersistenceUnitInfo      : No LoadTimeWeaver setup: ignoring JPA class transformer
2025-11-16T04:32:22.747+07:00  INFO 34260 --- [cocohub-backend] [           main] com.zaxxer.hikari.HikariDataSource       : HikariPool-1 - Starting...
2025-11-16T04:32:22.957+07:00  INFO 34260 --- [cocohub-backend] [           main] com.zaxxer.hikari.pool.HikariPool        : HikariPool-1 - Added connection com.mysql.cj.jdbc.ConnectionImpl@a6dffdb
2025-11-16T04:32:22.960+07:00  INFO 34260 --- [cocohub-backend] [           main] com.zaxxer.hikari.HikariDataSource       : HikariPool-1 - Start completed.
2025-11-16T04:32:23.018+07:00  WARN 34260 --- [cocohub-backend] [           main] org.hibernate.dialect.Dialect            : HHH000511: The 5.5.5 version for [org.hibernate.dialect.MySQLDialect] is no longer supported, hence certain features may not work properly. The minimum supported version is 8.0.0. Check the community dialects project for available legacy versions.
2025-11-16T04:32:23.043+07:00  INFO 34260 --- [cocohub-backend] [           main] org.hibernate.orm.connections.pooling    : HHH10001005: Database info:
	Database JDBC URL [Connecting through datasource 'HikariDataSource (HikariPool-1)']
	Database driver: undefined/unknown
	Database version: 5.5.5
	Autocommit mode: undefined/unknown
	Isolation level: undefined/unknown
	Minimum pool size: undefined/unknown
	Maximum pool size: undefined/unknown
2025-11-16T04:32:24.043+07:00  INFO 34260 --- [cocohub-backend] [           main] o.h.e.t.j.p.i.JtaPlatformInitiator       : HHH000489: No JTA platform available (set 'hibernate.transaction.jta.platform' to enable JTA platform integration)
2025-11-16T04:32:24.135+07:00  INFO 34260 --- [cocohub-backend] [           main] j.LocalContainerEntityManagerFactoryBean : Initialized JPA EntityManagerFactory for persistence unit 'default'
2025-11-16T04:32:24.483+07:00 DEBUG 34260 --- [cocohub-backend] [           main] o.s.w.f.ServerHttpObservationFilter      : Filter 'webMvcObservationFilter' configured for use
2025-11-16T04:32:24.598+07:00  WARN 34260 --- [cocohub-backend] [           main] JpaBaseConfiguration$JpaWebConfiguration : spring.jpa.open-in-view is enabled by default. Therefore, database queries may be performed during view rendering. Explicitly configure spring.jpa.open-in-view to disable this warning
2025-11-16T04:32:24.642+07:00  INFO 34260 --- [cocohub-backend] [           main] r$InitializeUserDetailsManagerConfigurer : Global AuthenticationManager configured with UserDetailsService bean with name customUserDetailsService
2025-11-16T04:32:24.871+07:00 DEBUG 34260 --- [cocohub-backend] [           main] s.w.s.m.m.a.RequestMappingHandlerMapping : 17 mappings in 'requestMappingHandlerMapping'
2025-11-16T04:32:24.961+07:00 DEBUG 34260 --- [cocohub-backend] [           main] o.s.w.s.handler.SimpleUrlHandlerMapping  : Patterns [/webjars/**, /**] in 'resourceHandlerMapping'
2025-11-16T04:32:25.070+07:00  INFO 34260 --- [cocohub-backend] [           main] o.s.b.a.e.web.EndpointLinksResolver      : Exposing 1 endpoint beneath base path '/actuator'
2025-11-16T04:32:25.148+07:00 DEBUG 34260 --- [cocohub-backend] [           main] o.s.s.web.DefaultSecurityFilterChain     : Will secure any request with filters: DisableEncodeUrlFilter, WebAsyncManagerIntegrationFilter, SecurityContextHolderFilter, HeaderWriterFilter, CorsFilter, LogoutFilter, JwtAuthenticationFilter, RequestCacheAwareFilter, SecurityContextHolderAwareRequestFilter, AnonymousAuthenticationFilter, SessionManagementFilter, ExceptionTranslationFilter, AuthorizationFilter
2025-11-16T04:32:25.218+07:00 DEBUG 34260 --- [cocohub-backend] [           main] s.w.s.m.m.a.RequestMappingHandlerAdapter : ControllerAdvice beans: 0 @ModelAttribute, 0 @InitBinder, 1 RequestBodyAdvice, 1 ResponseBodyAdvice
2025-11-16T04:32:25.261+07:00 DEBUG 34260 --- [cocohub-backend] [           main] .m.m.a.ExceptionHandlerExceptionResolver : ControllerAdvice beans: 0 @ExceptionHandler, 1 ResponseBodyAdvice
2025-11-16T04:32:25.459+07:00  INFO 34260 --- [cocohub-backend] [           main] o.s.b.w.embedded.tomcat.TomcatWebServer  : Tomcat started on port 8080 (http) with context path '/'
2025-11-16T04:32:25.477+07:00  INFO 34260 --- [cocohub-backend] [           main] c.c.c.CocohubBackendApplication          : Started CocohubBackendApplication in 4.775 seconds (process running for 5.124)
2025-11-16T04:32:34.263+07:00  INFO 34260 --- [cocohub-backend] [nio-8080-exec-1] o.a.c.c.C.[Tomcat].[localhost].[/]       : Initializing Spring DispatcherServlet 'dispatcherServlet'
2025-11-16T04:32:34.269+07:00  INFO 34260 --- [cocohub-backend] [nio-8080-exec-1] o.s.web.servlet.DispatcherServlet        : Initializing Servlet 'dispatcherServlet'
2025-11-16T04:32:34.269+07:00 DEBUG 34260 --- [cocohub-backend] [nio-8080-exec-1] o.s.web.servlet.DispatcherServlet        : Detected StandardServletMultipartResolver
2025-11-16T04:32:34.269+07:00 DEBUG 34260 --- [cocohub-backend] [nio-8080-exec-1] o.s.web.servlet.DispatcherServlet        : Detected AcceptHeaderLocaleResolver
2025-11-16T04:32:34.269+07:00 DEBUG 34260 --- [cocohub-backend] [nio-8080-exec-1] o.s.web.servlet.DispatcherServlet        : Detected FixedThemeResolver
2025-11-16T04:32:34.270+07:00 DEBUG 34260 --- [cocohub-backend] [nio-8080-exec-1] o.s.web.servlet.DispatcherServlet        : Detected org.springframework.web.servlet.view.DefaultRequestToViewNameTranslator@33a0b857
2025-11-16T04:32:34.270+07:00 DEBUG 34260 --- [cocohub-backend] [nio-8080-exec-1] o.s.web.servlet.DispatcherServlet        : Detected org.springframework.web.servlet.support.SessionFlashMapManager@5d6cac57
2025-11-16T04:32:34.271+07:00 DEBUG 34260 --- [cocohub-backend] [nio-8080-exec-1] o.s.web.servlet.DispatcherServlet        : enableLoggingRequestDetails='false': request parameters and headers will be masked to prevent unsafe logging of potentially sensitive data
2025-11-16T04:32:34.271+07:00  INFO 34260 --- [cocohub-backend] [nio-8080-exec-1] o.s.web.servlet.DispatcherServlet        : Completed initialization in 2 ms
2025-11-16T04:32:34.289+07:00 DEBUG 34260 --- [cocohub-backend] [nio-8080-exec-1] o.s.security.web.FilterChainProxy        : Securing POST /api/products?lang=en
Hibernate: select u1_0.user_id,u1_0.display_name,u1_0.email,u1_0.password_hash,u1_0.phone_number,u1_0.province,u1_0.registered_date,u1_0.status,u1_0.user_type from user u1_0 where u1_0.email=?
2025-11-16T04:32:34.548+07:00 DEBUG 34260 --- [cocohub-backend] [nio-8080-exec-1] o.s.security.web.FilterChainProxy        : Secured POST /api/products?lang=en
2025-11-16T04:32:34.552+07:00 DEBUG 34260 --- [cocohub-backend] [nio-8080-exec-1] o.s.web.servlet.DispatcherServlet        : POST "/api/products?lang=en", parameters={masked}
2025-11-16T04:32:34.554+07:00 DEBUG 34260 --- [cocohub-backend] [nio-8080-exec-1] s.w.s.m.m.a.RequestMappingHandlerMapping : Mapped to com.cocohub.cocohub_backend.controller.ProductController#createProduct(AddProductDTO, String)
2025-11-16T04:32:34.615+07:00 DEBUG 34260 --- [cocohub-backend] [nio-8080-exec-1] m.m.a.RequestResponseBodyMethodProcessor : Read "application/json;charset=UTF-8" to [AddProductDTO(price=100, unit=piece, category=Processed, stockQuantity=5, imageUrl=null, name=?????? (truncated)...]
Hibernate: select u1_0.user_id,u1_0.display_name,u1_0.email,u1_0.password_hash,u1_0.phone_number,u1_0.province,u1_0.registered_date,u1_0.status,u1_0.user_type from user u1_0 where u1_0.email=?
Hibernate: select p1_0.id,p1_0.category,p1_0.image_url,p1_0.manufacturer_id,p1_0.price,p1_0.rating,p1_0.stock_quantity,t1_0.product_id,t1_0.id,t1_0.description,t1_0.ingredients,t1_0.lang_code,t1_0.title,p1_0.unit from products p1_0 left join product_translations t1_0 on p1_0.id=t1_0.product_id where p1_0.id=?
Hibernate: insert into products (category,image_url,manufacturer_id,price,rating,stock_quantity,unit,id) values (?,?,?,?,?,?,?,?)
Hibernate: insert into product_translations (description,ingredients,lang_code,product_id,title) values (?,?,?,?,?)
2025-11-16T04:32:34.733+07:00 DEBUG 34260 --- [cocohub-backend] [nio-8080-exec-1] o.s.w.s.m.m.a.HttpEntityMethodProcessor  : Using 'application/json', given [*/*] and supported [application/json, application/*+json]
2025-11-16T04:32:34.734+07:00 DEBUG 34260 --- [cocohub-backend] [nio-8080-exec-1] o.s.w.s.m.m.a.HttpEntityMethodProcessor  : Writing [Product(id=748bebea-ff86-4205-b475-a2adcc00d954)]
2025-11-16T04:32:34.759+07:00 DEBUG 34260 --- [cocohub-backend] [nio-8080-exec-1] o.s.web.servlet.DispatcherServlet        : Completed 200 OK
